[2024-10-09 11:48:05,940 | urllib3.connectionpool]: Starting new HTTPS connection (1): online.sbis.ru:443
[2024-10-09 11:48:06,362 | urllib3.connectionpool]: https://online.sbis.ru:443 "POST /oauth/service/ HTTP/1.1" 200 318
[2024-10-09 11:48:06,365 | urllib3.connectionpool]: Starting new HTTPS connection (1): api.sbis.ru:443
[2024-10-09 11:48:07,226 | urllib3.connectionpool]: https://api.sbis.ru:443 "GET /retail/point/list?withPrices=true HTTP/1.1" 200 886
[2024-10-09 11:48:07,227 | root]: Method: /point/list? | Code: 200
[2024-10-09 11:48:07,227 | root]: URL: https://api.sbis.ru/retail/point/list?
Headers: {'X-SBISAccessToken': 'XSpDY3Y7QmpmcWl1PChzT2c5RShVSnVQLUVeM15KKUFALlp2SSVTT1t0X2FyTHYhV0BFU00pNzcmMEtqOTZdQzIwMjQtMTAtMDkgMTE6NDg6MDYuNDU0MjQx'}
Parameters: {'withPrices': 'true'}
Result: {'salesPoints': [{'address': 'Краснодарский край, г.о. город Краснодар, г. Краснодар', 'defaultPriceList': None, 'defaultPriceLists': None, 'halls': [], 'id': 239, 'image': None, 'latitude': '45.06887', 'locality': 'Краснодар', 'longitude': '38.97969', 'name': 'Гаспарян Роман Славикович, ИП', 'phone': None, 'phones': None, 'prices': [8], 'product': ['retail'], 'worktime': {'schedule': {}, 'start': '10:00:00', 'stop': '18:00:00', 'workdays': [1, 1, 1, 1, 1, 0, 0]}}], 'outcome': {'hasMore': False}}
[2024-10-09 11:48:07,229 | urllib3.connectionpool]: Starting new HTTPS connection (1): online.sbis.ru:443
[2024-10-09 11:48:07,687 | urllib3.connectionpool]: https://online.sbis.ru:443 "POST /oauth/service/ HTTP/1.1" 200 318
[2024-10-09 11:48:07,690 | urllib3.connectionpool]: Starting new HTTPS connection (1): api.sbis.ru:443
[2024-10-09 11:48:08,125 | urllib3.connectionpool]: https://api.sbis.ru:443 "GET /retail/nomenclature/price-list?pointId=239&actualDate=2024-03-18 HTTP/1.1" 200 165
[2024-10-09 11:48:08,126 | root]: Method: /nomenclature/price-list? | Code: 200
[2024-10-09 11:48:08,126 | root]: URL: https://api.sbis.ru/retail/nomenclature/price-list?
Headers: {'X-SBISAccessToken': 'W0hoQUs3ck9KXi1NQEcvbSo5Uk9XZUgvLkRzVDY0dipkPXpyaEcmM2deLHF3ND1aUFhdLnpDWVNRWj9BViRFdzIwMjQtMTAtMDkgMTE6NDg6MDcuNzgzMTIx'}
Parameters: {'pointId': 239, 'actualDate': '2024-03-18'}
Result: {'priceLists': [{'id': 8, 'name': 'Позиции для Telegram-бота'}], 'outcome': {'hasMore': False}}
[2024-10-09 11:48:08,129 | urllib3.connectionpool]: Starting new HTTPS connection (1): online.sbis.ru:443
[2024-10-09 11:48:08,604 | urllib3.connectionpool]: https://online.sbis.ru:443 "POST /oauth/service/ HTTP/1.1" 200 316
[2024-10-09 11:48:08,606 | urllib3.connectionpool]: Starting new HTTPS connection (1): api.sbis.ru:443
